<?xml version="1.0" encoding="UTF-8"?>
<!-- Generated by org.testng.reporters.JUnitXMLReporter -->
<testsuite ignored="2" hostname="LAPTOP-2LPNT3FM" failures="0" tests="1" name="Default test" time="203.141" errors="0" timestamp="2025-07-26T12:41:45 IST">
  <testcase classname="com.ui.tests.SearchBusTest" name="searchBusUsingData" time="196.785"/>
  <testcase classname="com.ui.tests.SearchBusTest" name="searchBus" time="0.0">
    <ignored/>
  </testcase> <!-- searchBus -->
  <testcase classname="com.ui.tests.SearchBusTest" name="verifyPriceAfterSelectingSeats" time="0.0">
    <ignored/>
  </testcase> <!-- verifyPriceAfterSelectingSeats -->
</testsuite> <!-- Default test -->
