<?xml version="1.0" encoding="UTF-8"?>
<!-- Generated by org.testng.reporters.JUnitXMLReporter -->
<testsuite ignored="1" hostname="RA-FKPW4M3" failures="0" tests="1" name="Default test" time="52.558" errors="0" timestamp="2025-07-27T23:39:59 IST">
  <testcase classname="com.ui.tests.HomePageTest" name="searchBusUsingData" time="43.707"/>
  <testcase classname="com.ui.tests.HomePageTest" name="verifyPriceAfterSelectingSeats" time="0.0">
    <ignored/>
  </testcase> <!-- verifyPriceAfterSelectingSeats -->
</testsuite> <!-- Default test -->
