<?xml version="1.0" encoding="UTF-8"?>
<testsuite xmlns:xsi="http://www.w3.org/2001/XMLSchema-instance" xsi:noNamespaceSchemaLocation="https://maven.apache.org/surefire/maven-surefire-plugin/xsd/surefire-test-report.xsd" version="3.0.2" name="TestSuite" time="325.401" tests="2" errors="0" skipped="0" failures="0">
  <properties>
[...]
</properties>
  <testcase name="searchBusUsingData[com.ui.pojo.BusData@6136998b](1)" classname="com.ui.tests.HomePageTest" time="256.314">
    <system-out><![CDATA[2025-07-28 00:04:05 [main] INFO com.ui.listeners.TestListener::onStart 54 Test suite started 
2025-07-28 00:04:05 [main] INFO com.ui.tests.HomePageTest::setup 40 Load redbus homepage 
2025-07-28 00:04:06 [main] INFO com.ui.pages.HomePage::<init> 63 Launching browser for :CHROME 
2025-07-28 00:04:07 [main] INFO com.ui.listeners.TestListener::onTestStart 24 searchBusUsingData 
2025-07-28 00:04:07 [main] INFO com.ui.listeners.TestListener::onTestStart 25 Verify if search bus functionality is working,filter is applied & view bus popup is opened 
2025-07-28 00:04:07 [main] INFO com.ui.listeners.TestListener::onTestStart 26 [e2e, sanity] 
2025-07-28 00:04:07 [main] INFO com.ui.tests.HomePageTest::searchBusUsingData 23 Started red bus application 
2025-07-28 00:04:08 [main] INFO com.ui.pages.HomePage::selectLocation 76 Located element with locator :[[ChromeDriver: chrome on windows (18c5a98b67517bce2f0bebbaebbd50a1)] -> id: srcDest] 
2025-07-28 00:04:08 [main] INFO com.ui.pages.HomePage::selectLocation 78 Value entered in locator [[ChromeDriver: chrome on windows (18c5a98b67517bce2f0bebbaebbd50a1)] -> id: srcDest] is :Mumbai 
2025-07-28 00:04:09 [main] INFO com.ui.pages.HomePage::selectLocation 80 Located the search list with size: 3 
2025-07-28 00:04:09 [main] INFO com.ui.pages.HomePage::selectLocation 83 Search result available for from field :2 
2025-07-28 00:04:09 [main] INFO com.ui.pages.HomePage::selectLocation 86 location is selected 
2025-07-28 00:04:09 [main] INFO com.ui.pages.HomePage::selectLocation 76 Located element with locator :[[ChromeDriver: chrome on windows (18c5a98b67517bce2f0bebbaebbd50a1)] -> id: srcDest] 
2025-07-28 00:04:10 [main] INFO com.ui.pages.HomePage::selectLocation 78 Value entered in locator [[ChromeDriver: chrome on windows (18c5a98b67517bce2f0bebbaebbd50a1)] -> id: srcDest] is :Pune 
2025-07-28 00:04:11 [main] INFO com.ui.pages.HomePage::selectLocation 80 Located the search list with size: 3 
2025-07-28 00:04:11 [main] INFO com.ui.pages.HomePage::selectLocation 83 Search result available for from field :1 
2025-07-28 00:04:11 [main] INFO com.ui.pages.HomePage::selectLocation 86 location is selected 
2025-07-28 00:04:12 [main] INFO com.ui.pages.HomePage::selectDate 110 Date element is located 
2025-07-28 00:04:12 [main] INFO com.ui.pages.HomePage::selectDate 115 Date is selected 
2025-07-28 00:04:12 [main] INFO com.ui.pages.HomePage::searchBuses 60 Finding element with locator: By.xpath: //button[contains(@class,'searchButtonWrapper')] 
2025-07-28 00:04:13 [main] INFO com.ui.pages.HomePage::clickOnSearchBusButton 54 Element found with locator: By.xpath: //button[contains(@class,'searchButtonWrapper')]& click action is performed 
Number of buses :499 buses
2025-07-28 00:08:24 [main] INFO com.ui.tests.HomePageTest::searchBusUsingData 31 View seats button is clicked 
]]></system-out>
    <system-err><![CDATA[SLF4J(W): No SLF4J providers were found.
SLF4J(W): Defaulting to no-operation (NOP) logger implementation
SLF4J(W): See https://www.slf4j.org/codes.html#noProviders for further details.
]]></system-err>
  </testcase>
  <testcase name="verifyPriceAfterSelectingSeats[com.ui.pojo.BusData@48715ab](1)" classname="com.ui.tests.HomePageTest" time="63.163">
    <system-out><![CDATA[2025-07-28 00:08:24 [main] INFO com.ui.listeners.TestListener::onTestSuccess 31 searchBusUsingData Passed 
2025-07-28 00:08:24 [main] INFO com.ui.tests.HomePageTest::setup 40 Load redbus homepage 
2025-07-28 00:08:24 [main] INFO com.ui.pages.HomePage::<init> 63 Launching browser for :CHROME 
2025-07-28 00:08:25 [main] INFO com.ui.listeners.TestListener::onTestStart 24 verifyPriceAfterSelectingSeats 
2025-07-28 00:08:25 [main] INFO com.ui.listeners.TestListener::onTestStart 25 Verify the price after selecting seats & number of seats selected 
2025-07-28 00:08:25 [main] INFO com.ui.listeners.TestListener::onTestStart 26 [sanity] 
2025-07-28 00:08:26 [main] INFO com.ui.pages.HomePage::selectLocation 76 Located element with locator :[[ChromeDriver: chrome on windows (a801851af490071e01aa19ea741e0c9b)] -> id: srcDest] 
2025-07-28 00:08:26 [main] INFO com.ui.pages.HomePage::selectLocation 78 Value entered in locator [[ChromeDriver: chrome on windows (a801851af490071e01aa19ea741e0c9b)] -> id: srcDest] is :Mumbai 
2025-07-28 00:08:27 [main] INFO com.ui.pages.HomePage::selectLocation 80 Located the search list with size: 3 
2025-07-28 00:08:27 [main] INFO com.ui.pages.HomePage::selectLocation 83 Search result available for from field :2 
2025-07-28 00:08:27 [main] INFO com.ui.pages.HomePage::selectLocation 86 location is selected 
2025-07-28 00:08:27 [main] INFO com.ui.pages.HomePage::selectLocation 76 Located element with locator :[[ChromeDriver: chrome on windows (a801851af490071e01aa19ea741e0c9b)] -> id: srcDest] 
2025-07-28 00:08:28 [main] INFO com.ui.pages.HomePage::selectLocation 78 Value entered in locator [[ChromeDriver: chrome on windows (a801851af490071e01aa19ea741e0c9b)] -> id: srcDest] is :Pune 
2025-07-28 00:08:29 [main] INFO com.ui.pages.HomePage::selectLocation 80 Located the search list with size: 3 
2025-07-28 00:08:29 [main] INFO com.ui.pages.HomePage::selectLocation 83 Search result available for from field :1 
2025-07-28 00:08:29 [main] INFO com.ui.pages.HomePage::selectLocation 86 location is selected 
2025-07-28 00:08:30 [main] INFO com.ui.pages.HomePage::selectDate 110 Date element is located 
2025-07-28 00:08:30 [main] INFO com.ui.pages.HomePage::selectDate 115 Date is selected 
2025-07-28 00:08:30 [main] INFO com.ui.pages.HomePage::searchBuses 60 Finding element with locator: By.xpath: //button[contains(@class,'searchButtonWrapper')] 
2025-07-28 00:08:31 [main] INFO com.ui.pages.HomePage::clickOnSearchBusButton 54 Element found with locator: By.xpath: //button[contains(@class,'searchButtonWrapper')]& click action is performed 
Number of buses :499 buses
Clicking on available seat16
Seat ID: 16|Seat price: 965
Clicking on available seat15
Seat ID: 15|Seat price: 965
Total price for selected seats: 1930
]]></system-out>
  </testcase>
</testsuite>