<?xml version="1.0" encoding="UTF-8"?>
<testng-results ignored="1" total="2" passed="1" failed="0" skipped="0">
  <reporter-output>
  </reporter-output>
  <suite started-at="2025-07-26T00:58:06 IST" name="Default suite" finished-at="2025-07-26T00:59:35 IST" duration-ms="89626">
    <groups>
      <group name="sanity">
        <method signature="SearchBusTest.searchBus(java.util.List,java.lang.String,java.lang.String,java.lang.String,java.lang.String,java.lang.String)[pri:0, instance:com.ui.tests.SearchBusTest@79079097]" name="searchBus" class="com.ui.tests.SearchBusTest"/>
      </group> <!-- sanity -->
      <group name="e2e">
        <method signature="SearchBusTest.searchBus(java.util.List,java.lang.String,java.lang.String,java.lang.String,java.lang.String,java.lang.String)[pri:0, instance:com.ui.tests.SearchBusTest@79079097]" name="searchBus" class="com.ui.tests.SearchBusTest"/>
      </group> <!-- e2e -->
    </groups>
    <test started-at="2025-07-26T00:58:06 IST" name="Default test" finished-at="2025-07-26T00:59:35 IST" duration-ms="89626">
      <class name="com.ui.tests.SearchBusTest">
        <test-method is-config="true" signature="setup()[pri:0, instance:com.ui.tests.SearchBusTest@79079097]" started-at="2025-07-26T00:58:06 IST" name="setup" description="load the homepage of website" finished-at="2025-07-26T00:58:08 IST" duration-ms="2372" status="PASS">
          <reporter-output>
          </reporter-output>
        </test-method> <!-- setup -->
        <test-method signature="searchBus(java.util.List,java.lang.String,java.lang.String,java.lang.String,java.lang.String,java.lang.String)[pri:0, instance:com.ui.tests.SearchBusTest@79079097]" started-at="2025-07-26T00:58:08 IST" name="searchBus" description="Verify if search bus functionality is working,filter is applied &amp; view bus popup is opened" data-provider="BusSearchData" finished-at="2025-07-26T00:59:35 IST" duration-ms="87143" status="PASS">
          <params>
            <param index="0">
              <value>
                <![CDATA[[Primo Bus, AC, SLEEPER]]]>
              </value>
            </param>
            <param index="1">
              <value>
                <![CDATA[Mumbai]]>
              </value>
            </param>
            <param index="2">
              <value>
                <![CDATA[Pune]]>
              </value>
            </param>
            <param index="3">
              <value>
                <![CDATA[28]]>
              </value>
            </param>
            <param index="4">
              <value>
                <![CDATA[Dolphin travel house]]>
              </value>
            </param>
            <param index="5">
              <value>
                <![CDATA[17:50]]>
              </value>
            </param>
          </params>
          <reporter-output>
          </reporter-output>
        </test-method> <!-- searchBus -->
      </class> <!-- com.ui.tests.SearchBusTest -->
    </test> <!-- Default test -->
  </suite> <!-- Default suite -->
</testng-results>
